<?xml version="1.0" encoding="UTF-8"?>
<testng-results skipped="0" failed="0" total="2" passed="2">
  <reporter-output>
  </reporter-output>
  <suite name="Default suite" duration-ms="1764" started-at="2020-04-03T17:40:57Z" finished-at="2020-04-03T17:40:58Z">
    <groups>
    </groups>
    <test name="Default test" duration-ms="1764" started-at="2020-04-03T17:40:57Z" finished-at="2020-04-03T17:40:58Z">
      <class name="com.qa.tests.GetApiTest">
        <test-method status="PASS" signature="setUp()[pri:0, instance:com.qa.tests.GetApiTest@24a67]" name="setUp" is-config="true" duration-ms="14" started-at="2020-04-03T23:10:57Z" finished-at="2020-04-03T23:10:57Z">
          <reporter-output>
          </reporter-output>
        </test-method> <!-- setUp -->
        <test-method status="PASS" signature="getAPITestWithoutHeaders()[pri:0, instance:com.qa.tests.GetApiTest@24a67]" name="getAPITestWithoutHeaders" duration-ms="1397" started-at="2020-04-03T23:10:57Z" finished-at="2020-04-03T23:10:58Z">
          <reporter-output>
          </reporter-output>
        </test-method> <!-- getAPITestWithoutHeaders -->
        <test-method status="PASS" signature="setUp()[pri:0, instance:com.qa.tests.GetApiTest@24a67]" name="setUp" is-config="true" duration-ms="2" started-at="2020-04-03T23:10:58Z" finished-at="2020-04-03T23:10:58Z">
          <reporter-output>
          </reporter-output>
        </test-method> <!-- setUp -->
        <test-method status="PASS" signature="getAPITestWithHeaders()[pri:0, instance:com.qa.tests.GetApiTest@24a67]" name="getAPITestWithHeaders" duration-ms="315" started-at="2020-04-03T23:10:58Z" finished-at="2020-04-03T23:10:58Z">
          <reporter-output>
          </reporter-output>
        </test-method> <!-- getAPITestWithHeaders -->
      </class> <!-- com.qa.tests.GetApiTest -->
    </test> <!-- Default test -->
  </suite> <!-- Default suite -->
</testng-results>
